<?xml version="1.0" encoding="UTF-8"?>
<!-- Generated by org.testng.reporters.JUnitXMLReporter -->
<testsuite ignored="0" hostname="LAPTOP-4HS44O5I" failures="0" tests="3" name="Free CRM App Test Cases" time="35.831" errors="0" timestamp="30 Mar 2023 04:54:05 GMT">
  <testcase classname="com.crm.qa.testcase.HomePageTest" name="VerifyTitleTest" time="0.016"/>
  <testcase classname="com.crm.qa.testcase.HomePageTest" name="verifyUserName" time="1.556"/>
  <testcase classname="com.crm.qa.testcase.HomePageTest" name="ContactsTest" time="1.596"/>
</testsuite> <!-- Free CRM App Test Cases -->
