<?xml version="1.0" encoding="UTF-8"?>
<!-- Generated by org.testng.reporters.JUnitXMLReporter -->
<testsuite ignored="0" hostname="LAPTOP-4HS44O5I" failures="0" tests="3" name="Default test" time="50.128" errors="0" timestamp="30 Mar 2023 12:59:31 GMT">
  <testcase classname="com.crm.qa.testcase.HomePageTest" name="VerifyTitleTest" time="0.019"/>
  <testcase classname="com.crm.qa.testcase.HomePageTest" name="verifyUserName" time="1.435"/>
  <testcase classname="com.crm.qa.testcase.HomePageTest" name="ContactsTest" time="16.671"/>
</testsuite> <!-- Default test -->
