<?xml version="1.0" encoding="UTF-8"?>
<testsuite xmlns:xsi="http://www.w3.org/2001/XMLSchema-instance" xsi:noNamespaceSchemaLocation="https://maven.apache.org/surefire/maven-surefire-plugin/xsd/surefire-test-report.xsd" name="TestSuite" time="106.477" tests="8" errors="0" skipped="0" failures="1">
  <properties>
[...]
</properties>
  <testcase name="VerifyTitleTest" classname="com.crm.qa.testcase.HomePageTest" time="0.015"/>
  <testcase name="PageTitleTest" classname="com.crm.qa.testcase.LoginPageTest" time="0.015"/>
  <testcase name="landingPageTitleTest" classname="com.crm.qa.testcase.landingpageTest" time="0.009"/>
  <testcase name="verifyUserName" classname="com.crm.qa.testcase.HomePageTest" time="30.426">
    <failure message="no such element: Unable to locate element: {&quot;method&quot;:&quot;xpath&quot;,&quot;selector&quot;:&quot;//*[@id=&quot;top-header-menu&quot;]/div[2]/span[1]&quot;}&#10;  (Session info: chrome=111.0.5563.147)&#10;For documentation on this error, please visit: http://seleniumhq.org/exceptions/no_such_element.html&#10;Build info: version: &apos;3.14.0&apos;, revision: &apos;aacccce0&apos;, time: &apos;2018-08-02T20:19:58.91Z&apos;&#10;System info: host: &apos;LAPTOP-4HS44O5I&apos;, ip: &apos;192.168.1.6&apos;, os.name: &apos;Windows 11&apos;, os.arch: &apos;amd64&apos;, os.version: &apos;10.0&apos;, java.version: &apos;17.0.6&apos;&#10;Driver info: org.openqa.selenium.chrome.ChromeDriver&#10;Capabilities {acceptInsecureCerts: false, browserName: chrome, browserVersion: 111.0.5563.147, chrome: {chromedriverVersion: 110.0.5481.77 (65ed616c6e8e..., userDataDir: C:\Users\syedf\AppData\Loca...}, goog:chromeOptions: {debuggerAddress: localhost:49352}, javascriptEnabled: true, networkConnectionEnabled: false, pageLoadStrategy: normal, platform: WINDOWS, platformName: WINDOWS, proxy: Proxy(), setWindowRect: true, strictFileInteractability: false, timeouts: {implicit: 0, pageLoad: 300000, script: 30000}, unhandledPromptBehavior: dismiss and notify, webauthn:extension:credBlob: true, webauthn:extension:largeBlob: true, webauthn:virtualAuthenticators: true}&#10;Session ID: c0db5ef7a403e0ad563d4fa586a62004&#10;*** Element info: {Using=xpath, value=//*[@id=&quot;top-header-menu&quot;]/div[2]/span[1]}" type="org.openqa.selenium.NoSuchElementException">org.openqa.selenium.NoSuchElementException: 
no such element: Unable to locate element: {"method":"xpath","selector":"//*[@id="top-header-menu"]/div[2]/span[1]"}
  (Session info: chrome=111.0.5563.147)
For documentation on this error, please visit: http://seleniumhq.org/exceptions/no_such_element.html
Build info: version: '3.14.0', revision: 'aacccce0', time: '2018-08-02T20:19:58.91Z'
System info: host: 'LAPTOP-4HS44O5I', ip: '192.168.1.6', os.name: 'Windows 11', os.arch: 'amd64', os.version: '10.0', java.version: '17.0.6'
Driver info: org.openqa.selenium.chrome.ChromeDriver
Capabilities {acceptInsecureCerts: false, browserName: chrome, browserVersion: 111.0.5563.147, chrome: {chromedriverVersion: 110.0.5481.77 (65ed616c6e8e..., userDataDir: C:\Users\syedf\AppData\Loca...}, goog:chromeOptions: {debuggerAddress: localhost:49352}, javascriptEnabled: true, networkConnectionEnabled: false, pageLoadStrategy: normal, platform: WINDOWS, platformName: WINDOWS, proxy: Proxy(), setWindowRect: true, strictFileInteractability: false, timeouts: {implicit: 0, pageLoad: 300000, script: 30000}, unhandledPromptBehavior: dismiss and notify, webauthn:extension:credBlob: true, webauthn:extension:largeBlob: true, webauthn:virtualAuthenticators: true}
Session ID: c0db5ef7a403e0ad563d4fa586a62004
*** Element info: {Using=xpath, value=//*[@id="top-header-menu"]/div[2]/span[1]}
	at com.crm.qa.testcase.HomePageTest.verifyUserName(HomePageTest.java:49)
</failure>
    <system-out><![CDATA[Before navigating to: 'https://freecrm.in/'
Navigated to:'https://freecrm.in/'
Trying to find Element By : By.xpath: /html/body/div[1]/header/div/nav/div[2]/div/div[2]/ul/a/span[2]
Found Element By : By.xpath: /html/body/div[1]/header/div/nav/div[2]/div/div[2]/ul/a/span[2]
Trying to click on: [[ChromeDriver: chrome on WINDOWS (c0db5ef7a403e0ad563d4fa586a62004)] -> xpath: /html/body/div[1]/header/div/nav/div[2]/div/div[2]/ul/a/span[2]]
Clicked on: [[ChromeDriver: chrome on WINDOWS (c0db5ef7a403e0ad563d4fa586a62004)] -> xpath: /html/body/div[1]/header/div/nav/div[2]/div/div[2]/ul/a/span[2]]
Trying to find Element By : By.xpath: //*[@id="ui"]/div/div/form/div/div[1]/div/input
Found Element By : By.xpath: //*[@id="ui"]/div/div/form/div/div[1]/div/input
Trying to find Element By : By.xpath: //*[@id="ui"]/div/div/form/div/div[2]/div/input
Found Element By : By.xpath: //*[@id="ui"]/div/div/form/div/div[2]/div/input
Trying to find Element By : By.xpath: //*[@id="ui"]/div/div/form/div/div[3]
Found Element By : By.xpath: //*[@id="ui"]/div/div/form/div/div[3]
Trying to find Element By : By.xpath: //*[@id="top-header-menu"]/div[2]/span[1]
Exception occured: org.openqa.selenium.NoSuchElementException: no such element: Unable to locate element: {"method":"xpath","selector":"//*[@id="top-header-menu"]/div[2]/span[1]"}
  (Session info: chrome=111.0.5563.147)
For documentation on this error, please visit: http://seleniumhq.org/exceptions/no_such_element.html
Build info: version: '3.14.0', revision: 'aacccce0', time: '2018-08-02T20:19:58.91Z'
System info: host: 'LAPTOP-4HS44O5I', ip: '192.168.1.6', os.name: 'Windows 11', os.arch: 'amd64', os.version: '10.0', java.version: '17.0.6'
Driver info: org.openqa.selenium.chrome.ChromeDriver
Capabilities {acceptInsecureCerts: false, browserName: chrome, browserVersion: 111.0.5563.147, chrome: {chromedriverVersion: 110.0.5481.77 (65ed616c6e8e..., userDataDir: C:\Users\syedf\AppData\Loca...}, goog:chromeOptions: {debuggerAddress: localhost:49352}, javascriptEnabled: true, networkConnectionEnabled: false, pageLoadStrategy: normal, platform: WINDOWS, platformName: WINDOWS, proxy: Proxy(), setWindowRect: true, strictFileInteractability: false, timeouts: {implicit: 0, pageLoad: 300000, script: 30000}, unhandledPromptBehavior: dismiss and notify, webauthn:extension:credBlob: true, webauthn:extension:largeBlob: true, webauthn:virtualAuthenticators: true}
Session ID: c0db5ef7a403e0ad563d4fa586a62004
*** Element info: {Using=xpath, value=//*[@id="top-header-menu"]/div[2]/span[1]}
]]></system-out>
    <system-err><![CDATA[Starting ChromeDriver 110.0.5481.77 (65ed616c6e8ee3fe0ad64fe83796c020644d42af-refs/branch-heads/5481@{#839}) on port 60309
Only local connections are allowed.
Please see https://chromedriver.chromium.org/security-considerations for suggestions on keeping ChromeDriver safe.
ChromeDriver was started successfully.
[1680180749.961][WARNING]: This version of ChromeDriver has not been tested with Chrome version 111.
[1680180749.967][WARNING]: virtual void DevToolsClientImpl::AddListener(DevToolsEventListener *) subscribing a listener to the already connected DevToolsClient. Connection notification will not arrive.
Mar 30, 2023 6:22:29 PM org.openqa.selenium.remote.ProtocolHandshake createSession
INFO: Detected dialect: W3C
]]></system-err>
  </testcase>
  <testcase name="crmLogoImageTest" classname="com.crm.qa.testcase.landingpageTest" time="0.1"/>
  <testcase name="clickLogin" classname="com.crm.qa.testcase.LoginPageTest" time="0.278"/>
  <testcase name="ContactsTest" classname="com.crm.qa.testcase.HomePageTest" time="2.356"/>
  <testcase name="clickLogin" classname="com.crm.qa.testcase.landingpageTest" time="4.66"/>
</testsuite>