<?xml version="1.0" encoding="UTF-8"?>
<testng-results ignored="0" total="3" passed="3" failed="0" skipped="0">
  <reporter-output>
  </reporter-output>
  <suite started-at="2023-03-30T12:58:41Z" name="Default suite" finished-at="2023-03-30T12:59:31Z" duration-ms="50128">
    <groups>
    </groups>
    <test started-at="2023-03-30T12:58:41Z" name="Default test" finished-at="2023-03-30T12:59:31Z" duration-ms="50128">
      <class name="com.crm.qa.testcase.HomePageTest">
        <test-method is-config="true" signature="setUp()[pri:0, instance:com.crm.qa.testcase.HomePageTest@436c81a3]" started-at="2023-03-30T18:28:41Z" name="setUp" finished-at="2023-03-30T18:28:52Z" duration-ms="10663" status="PASS">
          <reporter-output>
          </reporter-output>
        </test-method> <!-- setUp -->
        <test-method signature="VerifyTitleTest()[pri:1, instance:com.crm.qa.testcase.HomePageTest@436c81a3]" started-at="2023-03-30T18:28:52Z" name="VerifyTitleTest" finished-at="2023-03-30T18:28:52Z" duration-ms="19" status="PASS">
          <reporter-output>
          </reporter-output>
        </test-method> <!-- VerifyTitleTest -->
        <test-method is-config="true" signature="tearDown()[pri:0, instance:com.crm.qa.testcase.HomePageTest@436c81a3]" started-at="2023-03-30T18:28:52Z" name="tearDown" finished-at="2023-03-30T18:28:52Z" duration-ms="300" status="PASS">
          <reporter-output>
          </reporter-output>
        </test-method> <!-- tearDown -->
        <test-method is-config="true" signature="setUp()[pri:0, instance:com.crm.qa.testcase.HomePageTest@436c81a3]" started-at="2023-03-30T18:28:52Z" name="setUp" finished-at="2023-03-30T18:29:02Z" duration-ms="10207" status="PASS">
          <reporter-output>
          </reporter-output>
        </test-method> <!-- setUp -->
        <test-method signature="verifyUserName()[pri:2, instance:com.crm.qa.testcase.HomePageTest@436c81a3]" started-at="2023-03-30T18:29:02Z" name="verifyUserName" finished-at="2023-03-30T18:29:04Z" duration-ms="1435" status="PASS">
          <reporter-output>
          </reporter-output>
        </test-method> <!-- verifyUserName -->
        <test-method is-config="true" signature="tearDown()[pri:0, instance:com.crm.qa.testcase.HomePageTest@436c81a3]" started-at="2023-03-30T18:29:04Z" name="tearDown" finished-at="2023-03-30T18:29:04Z" duration-ms="253" status="PASS">
          <reporter-output>
          </reporter-output>
        </test-method> <!-- tearDown -->
        <test-method is-config="true" signature="setUp()[pri:0, instance:com.crm.qa.testcase.HomePageTest@436c81a3]" started-at="2023-03-30T18:29:04Z" name="setUp" finished-at="2023-03-30T18:29:14Z" duration-ms="10197" status="PASS">
          <reporter-output>
          </reporter-output>
        </test-method> <!-- setUp -->
        <test-method signature="ContactsTest()[pri:3, instance:com.crm.qa.testcase.HomePageTest@436c81a3]" started-at="2023-03-30T18:29:14Z" name="ContactsTest" finished-at="2023-03-30T18:29:31Z" duration-ms="16671" status="PASS">
          <reporter-output>
          </reporter-output>
        </test-method> <!-- ContactsTest -->
        <test-method is-config="true" signature="tearDown()[pri:0, instance:com.crm.qa.testcase.HomePageTest@436c81a3]" started-at="2023-03-30T18:29:31Z" name="tearDown" finished-at="2023-03-30T18:29:31Z" duration-ms="366" status="PASS">
          <reporter-output>
          </reporter-output>
        </test-method> <!-- tearDown -->
      </class> <!-- com.crm.qa.testcase.HomePageTest -->
    </test> <!-- Default test -->
  </suite> <!-- Default suite -->
</testng-results>
